Build started 24.09.2017 22:02:15.
     1>Project "D:\lua502\lua\lzss\lzss.vcxproj" on node 2 (build target(s)).
     1>InitializeBuildStatus:
         Creating "Release\lzss.unsuccessfulbuild" because "AlwaysCreate" was specified.
       ClCompile:
         C:\Program Files (x86)\Microsoft Visual Studio 10.0\VC\bin\CL.exe /c /ID:\source2006\common\ /ID:\source2006\utils\lzma\ /ID:\source2006\public\tier1 /ID:\source2006\public\tier0 /ID:\source2006\public\ /Zi /nologo /W3 /WX- /O2 /Oi /Oy- /GL /D _MBCS /Gm- /EHsc /MD /GS /Gy /fp:precise /Zc:wchar_t /Zc:forScope /Fo"Release\\" /Fd"Release\vc100.pdb" /Gd /TP /analyze- /errorReport:prompt main.cpp
         main.cpp
     1>main.cpp(13): warning C4018: <: несоответствие типов со знаком и без знака
       Link:
         C:\Program Files (x86)\Microsoft Visual Studio 10.0\VC\bin\link.exe /ERRORREPORT:PROMPT /OUT:"D:\lua502\lua\Release\lzss.exe" /NOLOGO /LIBPATH:D:\source2006\lib\public /LIBPATH:D:\source2006\lib\common tier0.lib tier1.lib lzma.lib kernel32.lib user32.lib gdi32.lib winspool.lib comdlg32.lib advapi32.lib shell32.lib ole32.lib oleaut32.lib uuid.lib odbc32.lib odbccp32.lib /MANIFEST /ManifestFile:"Release\lzss.exe.intermediate.manifest" /MANIFESTUAC:"level='asInvoker' uiAccess='false'" /DEBUG /PDB:"D:\lua502\lua\Release\lzss.pdb" /OPT:REF /OPT:ICF /LTCG /TLBID:1 /DYNAMICBASE /NXCOMPAT /IMPLIB:"D:\lua502\lua\Release\lzss.lib" /MACHINE:X86 Release\lzss.obj
         Release\main.obj
     1>LINK : warning LNK4098: библиотека по умолчанию "LIBCMT" противоречит использованию других библиотек; используйте параметр /NODEFAULTLIB:library
         Создание кода
         Создание кода завершено
         lzss.vcxproj -> D:\lua502\lua\Release\lzss.exe
       Manifest:
         C:\Program Files (x86)\Microsoft SDKs\Windows\v7.0A\bin\mt.exe /nologo /verbose /outputresource:"D:\lua502\lua\Release\lzss.exe;#1" /manifest Release\lzss.exe.intermediate.manifest
       FinalizeBuildStatus:
         Deleting file "Release\lzss.unsuccessfulbuild".
         Touching "Release\lzss.lastbuildstate".
     1>Done Building Project "D:\lua502\lua\lzss\lzss.vcxproj" (build target(s)).

Построение успешно завершено.

Time Elapsed 00:00:02.43
