Build started 06.06.2018 13:16:53.
     1>Project "D:\lua502\lua\gm9_cvar\gm9_cvar.vcxproj" on node 2 (build target(s)).
     1>InitializeBuildStatus:
         Touching "Release\gm9_cvar.unsuccessfulbuild".
       ClCompile:
         C:\Program Files (x86)\Microsoft Visual Studio 10.0\VC\bin\CL.exe /c /ID:\source2006\common /ID:\source2006\public\tier1 /ID:\source2006\public\tier0 /ID:\source2006\public /ID:\source2006\ /Zi /nologo /W3 /WX- /O2 /Oi /Oy- /GL /D _WINDLL /D _MBCS /Gm- /EHsc /MD /GS /Gy /fp:precise /Zc:wchar_t /Zc:forScope /Fo"Release\\" /Fd"Release\vc100.pdb" /Gd /TP /analyze- /errorReport:prompt main.cpp
         main.cpp
       Link:
         C:\Program Files (x86)\Microsoft Visual Studio 10.0\VC\bin\link.exe /ERRORREPORT:PROMPT /OUT:"D:\lua502\lua\Release\gm9_cvar.dll" /NOLOGO /LIBPATH:D:\source2006\lib\public tier0.lib tier1.lib vstdlib.lib kernel32.lib user32.lib gdi32.lib winspool.lib comdlg32.lib advapi32.lib shell32.lib ole32.lib oleaut32.lib uuid.lib odbc32.lib odbccp32.lib /NODEFAULTLIB:LIBCMT.lib /MANIFEST /ManifestFile:"Release\gm9_cvar.dll.intermediate.manifest" /MANIFESTUAC:"level='asInvoker' uiAccess='false'" /DEBUG /PDB:"D:\lua502\lua\Release\gm9_cvar.pdb" /OPT:REF /OPT:ICF /LTCG /TLBID:1 /DYNAMICBASE /NXCOMPAT /IMPLIB:"D:\lua502\lua\Release\gm9_cvar.lib" /MACHINE:X86 /DLL Release\main.obj
         Release\sigscan.obj
            Создается библиотека D:\lua502\lua\Release\gm9_cvar.lib и объект D:\lua502\lua\Release\gm9_cvar.exp
         Создание кода
         Создание кода завершено
         gm9_cvar.vcxproj -> D:\lua502\lua\Release\gm9_cvar.dll
       Manifest:
         C:\Program Files (x86)\Microsoft SDKs\Windows\v7.0A\bin\mt.exe /nologo /verbose /outputresource:"D:\lua502\lua\Release\gm9_cvar.dll;#2" /manifest Release\gm9_cvar.dll.intermediate.manifest
       FinalizeBuildStatus:
         Deleting file "Release\gm9_cvar.unsuccessfulbuild".
         Touching "Release\gm9_cvar.lastbuildstate".
     1>Done Building Project "D:\lua502\lua\gm9_cvar\gm9_cvar.vcxproj" (build target(s)).

Построение успешно завершено.

Time Elapsed 00:00:01.04
