Build started 12.04.2018 4:18:30.
     1>Project "D:\lua502\lua\a2s_rules\a2s_rules.vcxproj" on node 2 (build target(s)).
     1>InitializeBuildStatus:
         Creating "Release\a2s_rules.unsuccessfulbuild" because "AlwaysCreate" was specified.
       ClCompile:
         C:\Program Files (x86)\Microsoft Visual Studio 10.0\VC\bin\CL.exe /c /ID:\bzip2 /Zi /nologo /W3 /WX- /O2 /Oi /Oy- /GL /D _MBCS /Gm- /EHsc /MD /GS /Gy /fp:precise /Zc:wchar_t /Zc:forScope /Fo"Release\\" /Fd"Release\vc100.pdb" /Gd /TP /analyze- /errorReport:prompt main.cpp
         main.cpp
     1>main.cpp(113): warning C4996: 'fopen': This function or variable may be unsafe. Consider using fopen_s instead. To disable deprecation, use _CRT_SECURE_NO_WARNINGS. See online help for details.
                 C:\Program Files (x86)\Microsoft Visual Studio 10.0\VC\include\stdio.h(234): см. объявление "fopen"
     1>main.cpp(42): warning C4101: rules: неиспользованная локальная переменная
       Link:
         C:\Program Files (x86)\Microsoft Visual Studio 10.0\VC\bin\link.exe /ERRORREPORT:PROMPT /OUT:"D:\lua502\lua\Release\a2s_rules.exe" /NOLOGO /LIBPATH:D:\bzip2\Release WS2_32.lib libbz2.lib kernel32.lib user32.lib gdi32.lib winspool.lib comdlg32.lib advapi32.lib shell32.lib ole32.lib oleaut32.lib uuid.lib odbc32.lib odbccp32.lib /NODEFAULTLIB:LIBCMT.lib /MANIFEST /ManifestFile:"Release\a2s_rules.exe.intermediate.manifest" /MANIFESTUAC:"level='asInvoker' uiAccess='false'" /DEBUG /PDB:"D:\lua502\lua\Release\a2s_rules.pdb" /OPT:REF /OPT:ICF /LTCG /TLBID:1 /DYNAMICBASE /NXCOMPAT /IMPLIB:"D:\lua502\lua\Release\a2s_rules.lib" /MACHINE:X86 Release\main.obj
         Создание кода
         Создание кода завершено
         a2s_rules.vcxproj -> D:\lua502\lua\Release\a2s_rules.exe
       Manifest:
         C:\Program Files (x86)\Microsoft SDKs\Windows\v7.0A\bin\mt.exe /nologo /verbose /outputresource:"D:\lua502\lua\Release\a2s_rules.exe;#1" /manifest Release\a2s_rules.exe.intermediate.manifest
       FinalizeBuildStatus:
         Deleting file "Release\a2s_rules.unsuccessfulbuild".
         Touching "Release\a2s_rules.lastbuildstate".
     1>Done Building Project "D:\lua502\lua\a2s_rules\a2s_rules.vcxproj" (build target(s)).

Построение успешно завершено.

Time Elapsed 00:00:00.74
