..\..\..\GMod9Dev_Server\gmod9\addons\lua502.pdb
D:\GMOD9DEV_SERVER\GMOD9\ADDONS\LUA502.DLL
D:\GMod9Dev_Server\gmod9\addons\lua502.exp
D:\GMod9Dev_Server\gmod9\addons\lua502.lib
D:\GMOD9DEV_SERVER\GMOD9\ADDONS\LUA502.PDB
D:\lua502\lua\lua502\..\..\..\GMod9Dev_Server\gmod9\addons\lua502.dll
D:\LUA502\LUA\LUA502\RELEASE\BASELIB.OBJ
D:\LUA502\LUA\LUA502\RELEASE\CHOOK.OBJ
D:\lua502\lua\lua502\Release\cl.command.1.tlog
D:\lua502\lua\lua502\Release\CL.read.1.tlog
D:\lua502\lua\lua502\Release\CL.write.1.tlog
D:\LUA502\LUA\LUA502\RELEASE\CONSOLE.OBJ
D:\LUA502\LUA\LUA502\RELEASE\CVARLIB.OBJ
D:\LUA502\LUA\LUA502\RELEASE\LAPI.OBJ
D:\LUA502\LUA\LUA502\RELEASE\LAUXLIB.OBJ
D:\LUA502\LUA\LUA502\RELEASE\LCODE.OBJ
D:\LUA502\LUA\LUA502\RELEASE\LDEBUG.OBJ
D:\LUA502\LUA\LUA502\RELEASE\LDO.OBJ
D:\LUA502\LUA\LUA502\RELEASE\LDUMP.OBJ
D:\LUA502\LUA\LUA502\RELEASE\LFUNC.OBJ
D:\LUA502\LUA\LUA502\RELEASE\LGC.OBJ
D:\lua502\lua\lua502\Release\link.command.1.tlog
D:\lua502\lua\lua502\Release\link.read.1.tlog
D:\lua502\lua\lua502\Release\link.write.1.tlog
D:\LUA502\LUA\LUA502\RELEASE\LLEX.OBJ
D:\LUA502\LUA\LUA502\RELEASE\LMEM.OBJ
D:\LUA502\LUA\LUA502\RELEASE\LOBJECT.OBJ
D:\LUA502\LUA\LUA502\RELEASE\LOPCODES.OBJ
D:\LUA502\LUA\LUA502\RELEASE\LPARSER.OBJ
D:\LUA502\LUA\LUA502\RELEASE\LSTATE.OBJ
D:\LUA502\LUA\LUA502\RELEASE\LSTRING.OBJ
D:\LUA502\LUA\LUA502\RELEASE\LTABLE.OBJ
D:\LUA502\LUA\LUA502\RELEASE\LTESTS.OBJ
D:\LUA502\LUA\LUA502\RELEASE\LTM.OBJ
D:\LUA502\LUA\LUA502\RELEASE\LUA502.DLL.INTERMEDIATE.MANIFEST
D:\lua502\lua\lua502\Release\lua502.write.1.tlog
D:\LUA502\LUA\LUA502\RELEASE\LUAFILE.OBJ
D:\LUA502\LUA\LUA502\RELEASE\LUAPOINTER.OBJ
D:\LUA502\LUA\LUA502\RELEASE\LUNDUMP.OBJ
D:\LUA502\LUA\LUA502\RELEASE\LVM.OBJ
D:\LUA502\LUA\LUA502\RELEASE\LZIO.OBJ
D:\LUA502\LUA\LUA502\RELEASE\LZMALIB.OBJ
D:\LUA502\LUA\LUA502\RELEASE\MAINLIB.OBJ
D:\lua502\lua\lua502\Release\mt.command.1.tlog
D:\lua502\lua\lua502\Release\mt.read.1.tlog
D:\lua502\lua\lua502\Release\mt.write.1.tlog
D:\LUA502\LUA\LUA502\RELEASE\PLUGIN.OBJ
D:\LUA502\LUA\LUA502\RELEASE\SIGSCAN.OBJ
D:\LUA502\LUA\LUA502\RELEASE\SVAR.OBJ
D:\LUA502\LUA\LUA502\RELEASE\TYPES.OBJ
D:\LUA502\LUA\LUA502\RELEASE\VC100.PDB
