Build started 16.09.2017 0:33:33.
     1>Project "D:\lua502\lua\gm9_interface\gm9_interface.vcxproj" on node 2 (build target(s)).
     1>InitializeBuildStatus:
         Creating "Release\gm9_interface.unsuccessfulbuild" because "AlwaysCreate" was specified.
       ClCompile:
         C:\Program Files (x86)\Microsoft Visual Studio 10.0\VC\bin\CL.exe /c /Zi /nologo /W3 /WX- /O2 /Oi /Oy- /GL /D _WINDLL /D _MBCS /Gm- /EHsc /MD /GS /Gy /fp:precise /Zc:wchar_t /Zc:forScope /Fo"Release\\" /Fd"Release\vc100.pdb" /Gd /TP /analyze- /errorReport:prompt main.cpp
         main.cpp
       Link:
         C:\Program Files (x86)\Microsoft Visual Studio 10.0\VC\bin\link.exe /ERRORREPORT:PROMPT /OUT:"D:\lua502\lua\Release\gm9_interface.dll" /NOLOGO kernel32.lib user32.lib gdi32.lib winspool.lib comdlg32.lib advapi32.lib shell32.lib ole32.lib oleaut32.lib uuid.lib odbc32.lib odbccp32.lib /MANIFEST /ManifestFile:"Release\gm9_interface.dll.intermediate.manifest" /MANIFESTUAC:"level='asInvoker' uiAccess='false'" /DEBUG /PDB:"D:\lua502\lua\Release\gm9_interface.pdb" /OPT:REF /OPT:ICF /LTCG /TLBID:1 /DYNAMICBASE /NXCOMPAT /IMPLIB:"D:\lua502\lua\Release\gm9_interface.lib" /MACHINE:X86 /DLL Release\main.obj
         Создание кода
         Создание кода завершено
         gm9_interface.vcxproj -> D:\lua502\lua\Release\gm9_interface.dll
       Manifest:
         C:\Program Files (x86)\Microsoft SDKs\Windows\v7.0A\bin\mt.exe /nologo /verbose /outputresource:"D:\lua502\lua\Release\gm9_interface.dll;#2" /manifest Release\gm9_interface.dll.intermediate.manifest
       FinalizeBuildStatus:
         Deleting file "Release\gm9_interface.unsuccessfulbuild".
         Touching "Release\gm9_interface.lastbuildstate".
     1>Done Building Project "D:\lua502\lua\gm9_interface\gm9_interface.vcxproj" (build target(s)).

Построение успешно завершено.

Time Elapsed 00:00:02.14
