..\..\..\GMod9Dev_Server\gmod9\lua\bin\sdk_ppcore.pdb
D:\GMOD9DEV_SERVER\GMOD9\LUA\BIN\SDK_PPCORE.DLL
D:\GMod9Dev_Server\gmod9\lua\bin\sdk_ppcore.exp
D:\GMod9Dev_Server\gmod9\lua\bin\sdk_ppcore.lib
D:\GMOD9DEV_SERVER\GMOD9\LUA\BIN\SDK_PPCORE.PDB
D:\lua502\lua\sdk_ppcore\..\..\..\GMod9Dev_Server\gmod9\lua\bin\sdk_ppcore.dll
D:\lua502\lua\sdk_ppcore\Release\cl.command.1.tlog
D:\lua502\lua\sdk_ppcore\Release\CL.read.1.tlog
D:\lua502\lua\sdk_ppcore\Release\CL.write.1.tlog
D:\lua502\lua\sdk_ppcore\Release\link.command.1.tlog
D:\lua502\lua\sdk_ppcore\Release\link.read.1.tlog
D:\lua502\lua\sdk_ppcore\Release\link.write.1.tlog
D:\LUA502\LUA\SDK_PPCORE\RELEASE\MAIN.OBJ
D:\lua502\lua\sdk_ppcore\Release\mt.command.1.tlog
D:\lua502\lua\sdk_ppcore\Release\mt.read.1.tlog
D:\lua502\lua\sdk_ppcore\Release\mt.write.1.tlog
D:\LUA502\LUA\SDK_PPCORE\RELEASE\PPLIB.OBJ
D:\LUA502\LUA\SDK_PPCORE\RELEASE\SDK_PPCORE.DLL.INTERMEDIATE.MANIFEST
D:\lua502\lua\sdk_ppcore\Release\sdk_ppcore.write.1.tlog
D:\LUA502\LUA\SDK_PPCORE\RELEASE\VC100.PDB
